<?xml version="1.0" encoding="utf-8"?><testsuites><testsuite name="pytest" errors="9" failures="0" skipped="0" tests="9" time="0.330" timestamp="2022-09-01T17:18:26.208935" hostname="abigeev"><testcase classname="" name="test_1" file="test_1.py" time="0.000"><error message="collection failure">ImportError while importing test module 'D:\Programming\Python\Projects\web_scanner\web_scanner_server\test_1.py'.
Hint: make sure your test modules/packages have valid Python names.
Traceback:
C:\Program Files (x86)\Microsoft Visual Studio\Shared\Python39_64\lib\importlib\__init__.py:127: in import_module
    return _bootstrap._gcd_import(name[level:], package, level)
test_1.py:3: in &lt;module&gt;
    from encryption import Encryptor
E   ModuleNotFoundError: No module named 'encryption'</error><error message="collection failure">ImportError while importing test module 'D:\Programming\Python\Projects\web_scanner\web_scanner_server\test_1.py'.
Hint: make sure your test modules/packages have valid Python names.
Traceback:
C:\Program Files (x86)\Microsoft Visual Studio\Shared\Python39_64\lib\importlib\__init__.py:127: in import_module
    return _bootstrap._gcd_import(name[level:], package, level)
test_1.py:3: in &lt;module&gt;
    from encryption import Encryptor
E   ModuleNotFoundError: No module named 'encryption'</error><error message="collection failure">ImportError while importing test module 'D:\Programming\Python\Projects\web_scanner\web_scanner_server\test_1.py'.
Hint: make sure your test modules/packages have valid Python names.
Traceback:
C:\Program Files (x86)\Microsoft Visual Studio\Shared\Python39_64\lib\importlib\__init__.py:127: in import_module
    return _bootstrap._gcd_import(name[level:], package, level)
test_1.py:3: in &lt;module&gt;
    from encryption import Encryptor
E   ModuleNotFoundError: No module named 'encryption'</error><error message="collection failure">ImportError while importing test module 'D:\Programming\Python\Projects\web_scanner\web_scanner_server\test_1.py'.
Hint: make sure your test modules/packages have valid Python names.
Traceback:
C:\Program Files (x86)\Microsoft Visual Studio\Shared\Python39_64\lib\importlib\__init__.py:127: in import_module
    return _bootstrap._gcd_import(name[level:], package, level)
test_1.py:3: in &lt;module&gt;
    from encryption import Encryptor
E   ModuleNotFoundError: No module named 'encryption'</error><error message="collection failure">ImportError while importing test module 'D:\Programming\Python\Projects\web_scanner\web_scanner_server\test_1.py'.
Hint: make sure your test modules/packages have valid Python names.
Traceback:
C:\Program Files (x86)\Microsoft Visual Studio\Shared\Python39_64\lib\importlib\__init__.py:127: in import_module
    return _bootstrap._gcd_import(name[level:], package, level)
test_1.py:3: in &lt;module&gt;
    from encryption import Encryptor
E   ModuleNotFoundError: No module named 'encryption'</error><error message="collection failure">ImportError while importing test module 'D:\Programming\Python\Projects\web_scanner\web_scanner_server\test_1.py'.
Hint: make sure your test modules/packages have valid Python names.
Traceback:
C:\Program Files (x86)\Microsoft Visual Studio\Shared\Python39_64\lib\importlib\__init__.py:127: in import_module
    return _bootstrap._gcd_import(name[level:], package, level)
test_1.py:3: in &lt;module&gt;
    from encryption import Encryptor
E   ModuleNotFoundError: No module named 'encryption'</error><error message="collection failure">ImportError while importing test module 'D:\Programming\Python\Projects\web_scanner\web_scanner_server\test_1.py'.
Hint: make sure your test modules/packages have valid Python names.
Traceback:
C:\Program Files (x86)\Microsoft Visual Studio\Shared\Python39_64\lib\importlib\__init__.py:127: in import_module
    return _bootstrap._gcd_import(name[level:], package, level)
test_1.py:3: in &lt;module&gt;
    from encryption import Encryptor
E   ModuleNotFoundError: No module named 'encryption'</error><error message="collection failure">ImportError while importing test module 'D:\Programming\Python\Projects\web_scanner\web_scanner_server\test_1.py'.
Hint: make sure your test modules/packages have valid Python names.
Traceback:
C:\Program Files (x86)\Microsoft Visual Studio\Shared\Python39_64\lib\importlib\__init__.py:127: in import_module
    return _bootstrap._gcd_import(name[level:], package, level)
test_1.py:3: in &lt;module&gt;
    from encryption import Encryptor
E   ModuleNotFoundError: No module named 'encryption'</error><error message="collection failure">ImportError while importing test module 'D:\Programming\Python\Projects\web_scanner\web_scanner_server\test_1.py'.
Hint: make sure your test modules/packages have valid Python names.
Traceback:
C:\Program Files (x86)\Microsoft Visual Studio\Shared\Python39_64\lib\importlib\__init__.py:127: in import_module
    return _bootstrap._gcd_import(name[level:], package, level)
test_1.py:3: in &lt;module&gt;
    from encryption import Encryptor
E   ModuleNotFoundError: No module named 'encryption'</error></testcase></testsuite></testsuites>